TN:
SF:C:\Users\WeCanCodeIT\wcci\code\resturant-order-manager-handler\frontend\js\utils\Html\tools.js
FN:1,(anonymous_0)
FN:6,(anonymous_1)
FN:11,(anonymous_2)
FN:19,(anonymous_3)
FN:26,(anonymous_4)
FN:30,(anonymous_5)
FN:42,(anonymous_6)
FN:51,(anonymous_7)
FN:54,(anonymous_8)
FN:58,(anonymous_9)
FN:62,(anonymous_10)
FN:68,(anonymous_11)
FN:80,(anonymous_12)
FNF:13
FNH:6
FNDA:10,(anonymous_0)
FNDA:0,(anonymous_1)
FNDA:1,(anonymous_2)
FNDA:2,(anonymous_3)
FNDA:0,(anonymous_4)
FNDA:10,(anonymous_5)
FNDA:0,(anonymous_6)
FNDA:0,(anonymous_7)
FNDA:0,(anonymous_8)
FNDA:8,(anonymous_9)
FNDA:0,(anonymous_10)
FNDA:0,(anonymous_11)
FNDA:3,(anonymous_12)
DA:2,10
DA:7,0
DA:9,0
DA:12,1
DA:13,0
DA:15,1
DA:16,1
DA:20,2
DA:21,1
DA:23,1
DA:24,1
DA:27,0
DA:28,0
DA:31,10
DA:32,0
DA:34,10
DA:36,10
DA:37,1
DA:39,9
DA:43,0
DA:44,0
DA:46,0
DA:48,0
DA:52,0
DA:55,0
DA:59,8
DA:63,0
DA:64,0
DA:66,0
DA:69,0
DA:71,0
DA:72,0
DA:75,0
DA:77,0
DA:81,3
DA:82,2
DA:84,1
DA:86,1
LF:38
LH:18
BRDA:12,0,0,0
BRDA:12,0,1,1
BRDA:20,1,0,1
BRDA:20,1,1,1
BRDA:31,2,0,0
BRDA:31,2,1,10
BRDA:36,3,0,1
BRDA:36,3,1,9
BRDA:43,4,0,0
BRDA:43,4,1,0
BRDA:71,5,0,0
BRDA:71,5,1,0
BRDA:81,6,0,2
BRDA:81,6,1,1
BRF:14
BRH:8
end_of_record
